-------------------------------------------------------------------------------
Test set: io.nerdybros.springkafkabeginner.SpringKafkaBeginnerApplicationTests
-------------------------------------------------------------------------------
Tests run: 1, Failures: 0, Errors: 1, Skipped: 0, Time elapsed: 4.206 s <<< FAILURE! - in io.nerdybros.springkafkabeginner.SpringKafkaBeginnerApplicationTests
contextLoads  Time elapsed: 0.002 s  <<< ERROR!
java.lang.IllegalStateException: Failed to load ApplicationContext
Caused by: org.springframework.beans.factory.BeanCreationException: Error creating bean with name 'eventRepository': FactoryBean threw exception on object creation; nested exception is java.lang.IllegalArgumentException: Not a managed type: class io.nerdybros.springkafkabeginner.consumer.domain.MyEvent
Caused by: java.lang.IllegalArgumentException: Not a managed type: class io.nerdybros.springkafkabeginner.consumer.domain.MyEvent

